<?xml version="1.0" encoding="UTF-8"?>
<!-- Generated by org.testng.reporters.JUnitReportReporter -->
<testsuite hostname="Amines-MacBook-Pro-2.local" failures="0" tests="3" name="com.nopcommerce.tests.SearchPageTest" time="2.043" errors="0" timestamp="2022-02-12T07:35:53 PST" skipped="0">
  <testcase classname="com.nopcommerce.tests.SearchPageTest" name="verifySearchPageNameTest" time="0.534"/>
  <system-out/>
  <testcase classname="com.nopcommerce.tests.SearchPageTest" name="verifyManufactureDropDownListTest" time="0.564"/>
  <system-out/>
  <testcase classname="com.nopcommerce.tests.SearchPageTest" name="validateCategoryList" time="0.945"/>
  <system-out/>
</testsuite> <!-- com.nopcommerce.tests.SearchPageTest -->
