<?xml version="1.0" encoding="UTF-8"?>
<!-- Generated by org.testng.reporters.JUnitReportReporter -->
<testsuite hostname="Amines-MacBook-Pro-2.local" failures="0" tests="4" name="com.nopcommerce.tests.HomePageTest" time="0.612" errors="0" timestamp="2022-02-12T07:35:53 PST" skipped="0">
  <testcase classname="com.nopcommerce.tests.HomePageTest" name="validatePageTitleTest" time="0.295"/>
  <system-out/>
  <testcase classname="com.nopcommerce.tests.HomePageTest" name="verifyLogoTest" time="0.136"/>
  <system-out/>
  <testcase classname="com.nopcommerce.tests.HomePageTest" name="verifyRegisterLinkTest" time="0.104"/>
  <system-out/>
  <testcase classname="com.nopcommerce.tests.HomePageTest" name="verifyLoginLinkTest" time="0.077"/>
  <system-out/>
</testsuite> <!-- com.nopcommerce.tests.HomePageTest -->
