<?xml version="1.0" encoding="UTF-8"?>
<!-- Generated by org.testng.reporters.JUnitReportReporter -->
<testsuite hostname="Amines-MacBook-Pro-2.local" failures="0" tests="1" name="com.nopcommerce.tests.RegisterPageTest" time="6.146" errors="0" timestamp="2022-02-12T07:35:53 PST" skipped="0">
  <testcase classname="com.nopcommerce.tests.RegisterPageTest" name="registerNewUserTest" time="6.146"/>
  <system-out/>
</testsuite> <!-- com.nopcommerce.tests.RegisterPageTest -->
