<?xml version="1.0" encoding="UTF-8"?>
<!-- Generated by org.testng.reporters.JUnitReportReporter -->
<testsuite hostname="Amines-MacBook-Pro-2.local" failures="0" tests="3" name="com.nopcommerce.tests.LoginPageTest" time="3.233" errors="0" timestamp="2022-02-12T07:35:53 PST" skipped="0">
  <testcase classname="com.nopcommerce.tests.LoginPageTest" name="verifyLoginPageNameTest" time="0.309"/>
  <system-out/>
  <testcase classname="com.nopcommerce.tests.LoginPageTest" name="verifyRegisterButtonStatusTest" time="0.136"/>
  <system-out/>
  <testcase classname="com.nopcommerce.tests.LoginPageTest" name="validateLoginTest" time="2.788"/>
  <system-out/>
</testsuite> <!-- com.nopcommerce.tests.LoginPageTest -->
